{"level":"error","message":"[{\"value\":2,\"msg\":\"The name must be a string\",\"param\":\"name\",\"location\":\"body\"}]"}
{"level":"error","message":[{"location":"body","msg":"The name must be a string","param":"name","value":2}]}
{"level":"error","message":"[{\"value\":2,\"msg\":\"The name must be a string\",\"param\":\"name\",\"location\":\"body\"},{\"value\":2,\"msg\":\"The code must be a string\",\"param\":\"code\",\"location\":\"body\"}]"}
{"level":"error","message":"[{\"value\":2,\"msg\":\"The name must be a string\",\"param\":\"name\",\"location\":\"body\"},{\"value\":2,\"msg\":\"The code must be a string\",\"param\":\"code\",\"location\":\"body\"}]"}
{"level":"error","message":"[{\"value\":2,\"msg\":\"The name must be a string\",\"param\":\"name\",\"location\":\"body\"},{\"value\":2,\"msg\":\"The code must be a string\",\"param\":\"code\",\"location\":\"body\"}]"}
{"level":"error","message":"[{\"name\":\"The name must be a string\"},{\"code\":\"The code must be a string\"}]"}
{"level":"error","message":"[{\"name\":\"The name must be a string - 2\"},{\"code\":\"The code must be a string - 2\"}]"}
{"level":"error","message":"[{\"Param\":\"name\",\"Message\":\"The name must be a string\",\"Value\":2},{\"Param\":\"code\",\"Message\":\"The code must be a string\",\"Value\":2}]"}
{"level":"error","message":"[{\"Field\":\"name\",\"Message\":\"The name must be a string\",\"Value\":2},{\"Field\":\"code\",\"Message\":\"The code must be a string\"}]"}
{"level":"error","message":"[{\"Field\":\"name\",\"Message\":\"The name must be a string\",\"Value\":2},{\"Field\":\"code\",\"Message\":\"The code must be a string\"}]"}
{"level":"error","message":"[{\"Field\":\"name\",\"Message\":\"The name must be a string\",\"Value\":2},{\"Field\":\"code\",\"Message\":\"The code must be a string\",\"Value\":2}]"}
{"level":"error","message":"[{\"Field\":\"name\",\"Message\":\"The name is required\"},{\"Field\":\"name\",\"Message\":\"The name must be a string\"},{\"Field\":\"code\",\"Message\":\"The code must be a string\",\"Value\":2}]"}
{"level":"error","message":"[{\"Field\":\"name\",\"Message\":\"The name must be a string\",\"Value\":2},{\"Field\":\"code\",\"Message\":\"The code must be a string\",\"Value\":2}]"}
{"level":"error","message":"[{\"Field\":\"name\",\"Message\":\"The name must be a string\",\"Value\":2},{\"Field\":\"code\",\"Message\":\"The code must be a string\",\"Value\":2}]"}
{"level":"error","message":"[{\"Field\":\"name\",\"Message\":\"The name must be a string\",\"Value\":2},{\"Field\":\"code\",\"Message\":\"The code must be a string\",\"Value\":2}]"}
{"level":"error","message":"[{\"Field\":\"name\",\"Message\":\"The name must be a string\",\"Value\":1}]"}
{"level":"error","message":"[{\"Field\":\"name\",\"Message\":\"The name must be a string\",\"Value\":1}]"}
{"level":"error","message":"[{\"Field\":\"name\",\"Message\":\"The name must be a string\",\"Value\":1}]"}
{"level":"error","message":"[{\"Field\":\"name\",\"Message\":\"The name must be a string\",\"Value\":1}]"}
{"level":"error","message":"[{\"Field\":\"name\",\"Message\":\"The name must be a string\",\"Value\":1}]"}
{"level":"error","message":"[{\"Field\":\"name\",\"Message\":\"The name must be a string\",\"Value\":1}]"}
{"level":"error","message":"[{\"Field\":\"name\",\"Message\":\"The name must be a string\",\"Value\":1}]"}
{"level":"error","message":"[{\"Field\":\"name\",\"Message\":\"The name must be a string\",\"Value\":1}]"}
{"level":"error","message":"[{\"Field\":\"name\",\"Message\":\"The name must be a string\",\"Value\":1}]"}
{"level":"error","message":"[{\"Field\":\"name\",\"Message\":\"The name must be a string\",\"Value\":1}]"}
{"level":"error","message":"[{\"Field\":\"name\",\"Message\":\"The name must be a string\",\"Value\":1}]"}
{"clientVersion":"4.9.0","level":"error"}
{"clientVersion":"4.9.0","level":"error"}
{"clientVersion":"4.9.0","level":"error"}
{"clientVersion":"4.9.0","level":"error"}
{"level":"error","message":"\nInvalid `connection.team.create()` invocation in\n/Users/dduyn/Documents/dev/basketball-simulator/backend/src/Features/v2/Team/CreateTeam/CreateTeam.ts:16:65\n\n  13 async handle(request: Request, response: Response) {\n  14 \tconst team: CreateTeamRequest = request.body;\n  15 \tconst connection = await this.connection();\n→ 16 \tconst teamCreated: CreateTeamResponse = await connection.team.create({\n       data: {\n         name: 1,\n               ~\n         code: 'RUS',\n         regionId: '7166dfcb-f8c0-4fdd-9fa7-dbc8cc615480'\n       }\n     })\n\nArgument name: Got invalid value 1 on prisma.createOneTeam. Provided Int, expected String.\n\n"}
{"level":"error","message":"\nInvalid `connection.team.create()` invocation in\n/Users/dduyn/Documents/dev/basketball-simulator/backend/src/Features/v2/Team/CreateTeam/CreateTeam.ts:16:65\n\n  13 async handle(request: Request, response: Response) {\n  14 \tconst team: CreateTeamRequest = request.body;\n  15 \tconst connection = await this.connection();\n→ 16 \tconst teamCreated: CreateTeamResponse = await connection.team.create({\n       data: {\n         name: 1,\n               ~\n         code: 'RUS',\n         regionId: '7166dfcb-f8c0-4fdd-9fa7-dbc8cc615480'\n       }\n     })\n\nArgument name: Got invalid value 1 on prisma.createOneTeam. Provided Int, expected String.\n\n"}
{"level":"error","message":"\nInvalid `connection.team.create()` invocation in\n/Users/dduyn/Documents/dev/basketball-simulator/backend/src/Features/v2/Team/CreateTeam/CreateTeam.ts:16:65\n\n  13 async handle(request: Request, response: Response) {\n  14 \tconst team: CreateTeamRequest = request.body;\n  15 \tconst connection = await this.connection();\n→ 16 \tconst teamCreated: CreateTeamResponse = await connection.team.create({\n       data: {\n         name: 1,\n               ~\n         code: 'RUS',\n         regionId: '7166dfcb-f8c0-4fdd-9fa7-dbc8cc615480'\n       }\n     })\n\nArgument name: Got invalid value 1 on prisma.createOneTeam. Provided Int, expected String.\n\n"}
{"level":"error","message":"\nInvalid `connection.team.create()` invocation in\n/Users/dduyn/Documents/dev/basketball-simulator/backend/src/Features/v2/Team/CreateTeam/CreateTeam.ts:16:65\n\n  13 async handle(request: Request, response: Response) {\n  14 \tconst team: CreateTeamRequest = request.body;\n  15 \tconst connection = await this.connection();\n→ 16 \tconst teamCreated: CreateTeamResponse = await connection.team.create({\n       data: {\n         name: 1,\n               ~\n         code: 'RUS',\n         regionId: '7166dfcb-f8c0-4fdd-9fa7-dbc8cc615480'\n       }\n     })\n\nArgument name: Got invalid value 1 on prisma.createOneTeam. Provided Int, expected String.\n\n"}
{"level":"error","message":"[{\"Field\":\"name\",\"Message\":\"The name must be a string\",\"Value\":1}]"}
{"level":"error","message":"No Team found"}
{"level":"error","message":"No Team found"}
{"level":"error","message":"No Team found"}
{"level":"error","message":"No Team found"}
{"level":"error","message":"No Team found"}
{"level":"error","message":"No Team found"}
{"level":"error","message":"[{\"Field\":\"name\",\"Message\":\"The name must be a string\",\"Value\":1}]"}
{"level":"error","message":"Team not found"}
{"level":"error","message":"[{\"Field\":\"name\",\"Message\":\"The name must be int\",\"Value\":\"Spain\"}]"}
{"level":"error","message":"Team not found"}
{"level":"error","message":"[{\"Field\":\"name\",\"Message\":\"The name must be string\",\"Value\":\"Spain\"}]"}
{"level":"error","message":"[{\"Field\":\"name\",\"Message\":\"The name must be string\",\"Value\":\"Spain\"}]"}
{"level":"error","message":"Team not found"}
{"level":"error","message":"[{\"Field\":\"name\",\"Message\":\"The name must be string\",\"Value\":\"1\"}]"}
{"level":"error","message":"[{\"Field\":\"name\",\"Message\":\"The name must be string\",\"Value\":\"22\"}]"}
{"level":"error","message":"Team not found"}
{"level":"error","message":"[{\"Field\":\"name\",\"Message\":\"The name must be string\",\"Value\":\"12\"}]"}
{"level":"error","message":"[{\"Field\":\"name\",\"Message\":\"The name must be string\",\"Value\":\"12\"}]"}
{"level":"error","message":"No Team found"}
{"level":"error","message":"No Team found"}
{"level":"error","message":"[{\"Field\":\"name\",\"Message\":\"The name must be a string\",\"Value\":1}]"}
{"level":"error","message":"Team not found"}
{"level":"error","message":"Team not found"}
{"level":"error","message":"Team not found"}
{"level":"error","message":"Team not found"}
{"level":"error","message":"Team not found"}
{"level":"error","message":"Team not found"}
{"level":"error","message":"Team not found"}
{"level":"error","message":"Team not found"}
{"level":"error","message":"Team not found"}
{"level":"error","message":"Team not found"}
{"level":"error","message":"Team not found"}
{"level":"error","message":"Team not found"}
{"level":"error","message":"Team not found"}
{"level":"error","message":"Team not found"}
{"level":"error","message":"Team not found"}
{"level":"error","message":"Team not found"}
{"level":"error","message":"Team not found"}
{"level":"error","message":"Team not found"}
{"level":"error","message":"Team not found"}
{"level":"error","message":"Team not found"}
{"level":"error","message":"Team not found"}
{"level":"error","message":"Team not found"}
{"level":"error","message":"Team not found"}
{"level":"error","message":"Team not found"}
{"level":"error","message":"Team not found"}
{"level":"error","message":"Team not found"}
{"level":"error","message":"Team not found"}
{"level":"error","message":"Team not found"}
{"level":"error","message":"Team not found"}
{"level":"error","message":"Team not found"}
{"level":"error","message":"Team not found"}
{"level":"error","message":"Team not found"}
{"level":"error","message":"Team not found"}
{"level":"error","message":"Team not found"}
{"level":"error","message":"Team not found"}
{"level":"error","message":"Team not found"}
{"level":"error","message":"Team not found"}
{"level":"error","message":"Team not found"}
{"level":"error","message":"Team not found"}
{"level":"error","message":"Team not found"}
{"level":"error","message":"Team not found"}
{"level":"error","message":"Team not found"}
{"level":"error","message":"Team not found"}
{"level":"error","message":"Belgium team not found"}
{"level":"error","message":"Belgium team not found"}
{"level":"error","message":"aaas"}
{"level":"error","message":"aaas"}
{"level":"error","message":"aaas"}
{"level":"error","message":"Belgium team not found"}
{"level":"error","message":"{\"type\":\"NotFoundException\",\"status\":404,\"message\":\"Belgium team not found\"}"}
{"level":"error","message":"[{\"Field\":\"name\",\"Message\":\"The name must be string\",\"Value\":\"1\"}]"}
{"level":"error","message":"{\"type\":\"NotFoundException\",\"status\":404,\"message\":\"Belgium team not found\"}"}
{"level":"error","message":"{\"type\":\"NotFoundException\",\"status\":404,\"message\":\"Belgium team not found\"}"}
{"level":"error","message":"{\"type\":\"NotFoundException\",\"status\":404,\"message\":\"Belgium team not found\"}"}
{"level":"error","message":"{\"message\":\"\\nInvalid `connection.team.create()` invocation in\\n/Users/dduyn/Documents/dev/basketball-simulator/backend/src/Features/v1/Team/CreateTeam/CreateTeam.ts:26:45\\n\\n  23 const team = new Team(new TeamId(randomUUID()), new TeamName(name), new TeamCode(code), region);\\n  24 \\n  25 const connection = await this.connection();\\n→ 26 const teamCreated = await connection.team.create(\\nForeign key constraint failed on the field: `foreign key`\"}"}
{"level":"error","message":"{\"type\":\"InternalException\",\"status\":500,\"message\":\"\\nInvalid `connection.team.create()` invocation in\\n/Users/dduyn/Documents/dev/basketball-simulator/backend/src/Features/v1/Team/CreateTeam/CreateTeam.ts:26:45\\n\\n  23 const team = new Team(new TeamId(randomUUID()), new TeamName(name), new TeamCode(code), region);\\n  24 \\n  25 const connection = await this.connection();\\n→ 26 const teamCreated = await connection.team.create(\\nForeign key constraint failed on the field: `foreign key`\"}"}
{"level":"error","message":"{\"type\":\"NotFoundException\",\"status\":404,\"message\":\"Belgium team not found\"}"}
{"level":"error","message":"{\"type\":\"PrimsaException\",\"status\":500,\"code\":\"P2003\",\"message\":\"\\nInvalid `connection.team.create()` invocation in\\n/Users/dduyn/Documents/dev/basketball-simulator/backend/src/Features/v1/Team/CreateTeam/CreateTeam.ts:26:45\\n\\n  23 const team = new Team(new TeamId(randomUUID()), new TeamName(name), new TeamCode(code), region);\\n  24 \\n  25 const connection = await this.connection();\\n→ 26 const teamCreated = await connection.team.create(\\nForeign key constraint failed on the field: `foreign key`\"}"}
{"level":"error","message":"{\"type\":\"PrimsaException\",\"status\":500,\"code\":\"P2003\",\"meta\":{\"field_name\":\"foreign key\"},\"message\":\"\\nInvalid `connection.team.create()` invocation in\\n/Users/dduyn/Documents/dev/basketball-simulator/backend/src/Features/v1/Team/CreateTeam/CreateTeam.ts:26:45\\n\\n  23 const team = new Team(new TeamId(randomUUID()), new TeamName(name), new TeamCode(code), region);\\n  24 \\n  25 const connection = await this.connection();\\n→ 26 const teamCreated = await connection.team.create(\\nForeign key constraint failed on the field: `foreign key`\"}"}
{"level":"error","message":"{\"type\":\"PrimsaException\",\"status\":500,\"code\":\"P2003\",\"meta\":{\"field_name\":\"foreign key\"},\"message\":\"\\nInvalid `connection.team.create()` invocation in\\n/Users/dduyn/Documents/dev/basketball-simulator/backend/src/Features/v1/Team/CreateTeam/CreateTeam.ts:26:45\\n\\n  23 const team = new Team(new TeamId(randomUUID()), new TeamName(name), new TeamCode(code), region);\\n  24 \\n  25 const connection = await this.connection();\\n→ 26 const teamCreated = await connection.team.create(\\nForeign key constraint failed on the field: `foreign key`\"}"}
{"level":"error","message":"{\"type\":\"PrimsaException\",\"status\":500,\"code\":\"P2003\",\"meta\":{\"field_name\":\"foreign key\"},\"message\":\"\\nInvalid `connection.team.create()` invocation in\\n/Users/dduyn/Documents/dev/basketball-simulator/backend/src/Features/v1/Team/CreateTeam/CreateTeam.ts:26:45\\n\\n  23 const team = new Team(new TeamId(randomUUID()), new TeamName(name), new TeamCode(code), region);\\n  24 \\n  25 const connection = await this.connection();\\n→ 26 const teamCreated = await connection.team.create(\\nForeign key constraint failed on the field: `foreign key`\"}"}
{"level":"error","message":"{\"type\":\"PrimsaException\",\"status\":500,\"code\":\"P2003\",\"meta\":{\"field_name\":\"foreign key\"},\"message\":\"\\nInvalid `connection.team.create()` invocation in\\n/Users/dduyn/Documents/dev/basketball-simulator/backend/src/Features/v1/Team/CreateTeam/CreateTeam.ts:26:45\\n\\n  23 const team = new Team(new TeamId(randomUUID()), new TeamName(name), new TeamCode(code), region);\\n  24 \\n  25 const connection = await this.connection();\\n→ 26 const teamCreated = await connection.team.create(\\nForeign key constraint failed on the field: `foreign key`\"}"}
{"level":"error","message":"{\"type\":\"PrismaException\",\"status\":500,\"code\":\"P2003\",\"meta\":{\"field_name\":\"foreign key\"},\"message\":\"\\nInvalid `connection.team.create()` invocation in\\n/Users/dduyn/Documents/dev/basketball-simulator/backend/src/Features/v1/Team/CreateTeam/CreateTeam.ts:26:45\\n\\n  23 const team = new Team(new TeamId(randomUUID()), new TeamName(name), new TeamCode(code), region);\\n  24 \\n  25 const connection = await this.connection();\\n→ 26 const teamCreated = await connection.team.create(\\nForeign key constraint failed on the field: `foreign key`\"}"}
{"level":"error","message":"{\"type\":\"PrismaException\",\"status\":500,\"code\":\"P2003\",\"meta\":{\"field_name\":\"foreign key\"},\"message\":\"\\nInvalid `connection.team.create()` invocation in\\n/Users/dduyn/Documents/dev/basketball-simulator/backend/src/Features/v1/Team/CreateTeam/CreateTeam.ts:26:45\\n\\n  23 const team = new Team(new TeamId(randomUUID()), new TeamName(name), new TeamCode(code), region);\\n  24 console.log('hola', team);\\n  25 const connection = await this.connection();\\n→ 26 const teamCreated = await connection.team.create(\\nForeign key constraint failed on the field: `foreign key`\"}"}
{"level":"error","message":"[{\"Field\":\"code\",\"Message\":\"The length of code must be three characters\",\"Value\":\"AN\"}]"}
{"level":"error","message":"[{\"Field\":\"code\",\"Message\":\"The length of code must be three characters\",\"Value\":\"ANDD\"}]"}
{"level":"error","message":"[{\"Field\":\"name\",\"Message\":\"The name must be string\",\"Value\":\"1\"}]"}
{"level":"error","message":"[{\"Field\":\"region.id\",\"Message\":\"Invalid value\"}]"}
{"level":"error","message":"[{\"Field\":\"region.id\",\"Message\":\"The regionId must be uuid valid\",\"Value\":\"c20fefc1-529b-4c18-a7cc\"}]"}
{"level":"error","message":"[{\"Field\":\"region.id\",\"Message\":\"The regionId is required\",\"Value\":\"\"},{\"Field\":\"region.id\",\"Message\":\"The regionId must be uuid valid\",\"Value\":\"\"}]"}
{"level":"error","message":"[{\"Field\":\"region.id\",\"Message\":\"Invalid value\"},{\"Field\":\"region.id\",\"Message\":\"The regionId is required\"},{\"Field\":\"region.id\",\"Message\":\"The regionId must be uuid valid\"}]"}
{"level":"error","message":"[{\"Field\":\"region.id\",\"Message\":\"The property region.id is required\"},{\"Field\":\"region.id\",\"Message\":\"The regionId is required\"},{\"Field\":\"region.id\",\"Message\":\"The regionId must be uuid valid\"}]"}
{"level":"error","message":"[{\"Field\":\"code\",\"Message\":\"Invalid value\"},{\"Field\":\"code\",\"Message\":\"The code is requireD\"},{\"Field\":\"code\",\"Message\":\"The code must be a string\"},{\"Field\":\"code\",\"Message\":\"The length of code must be three characters\"}]"}
{"level":"error","message":"[{\"Field\":\"code\",\"Message\":\"The code property is required\"},{\"Field\":\"code\",\"Message\":\"The code is required\"},{\"Field\":\"code\",\"Message\":\"The code must be a string\"},{\"Field\":\"code\",\"Message\":\"The length of code must be three characters\"}]"}
{"level":"error","message":"[{\"Field\":\"code\",\"Message\":\"The code is required\"},{\"Field\":\"code\",\"Message\":\"The code must be a string\"},{\"Field\":\"code\",\"Message\":\"The length of code must be three characters\"}]"}
{"level":"error","message":"[{\"Field\":\"region.id\",\"Message\":\"The regionId is required\"},{\"Field\":\"region.id\",\"Message\":\"The regionId must be uuid valid\"}]"}
{"level":"error","message":"[{\"Field\":\"code\",\"Message\":\"The length of code must be three characters\",\"Value\":\"AF\"}]"}
{"level":"error","message":"{\"type\":\"PrismaException\",\"status\":500,\"code\":\"P2002\",\"meta\":{\"target\":[\"code\"]},\"message\":\"\\nInvalid `connection.region.create()` invocation in\\n/Users/dduyn/Documents/dev/basketball-simulator/backend/src/Features/v1/Region/CreateRegion/CreateRegion.ts:30:49\\n\\n  27 );\\n  28 \\n  29 const connection = await this.connection();\\n→ 30 const regionCreated = await connection.region.create(\\nUnique constraint failed on the fields: (`code`)\"}"}
{"level":"error","message":"[{\"Field\":\"name\",\"Message\":\"The name must be a string\",\"Value\":\"11\"},{\"Field\":\"region.id\",\"Message\":\"The regionId is required\"},{\"Field\":\"region.id\",\"Message\":\"The regionId must be uuid valid\"}]"}
{"level":"error","message":"[{\"Field\":\"name\",\"Message\":\"The name must be a string\",\"Value\":\"1\"}]"}
{"level":"error","message":"[{\"Field\":\"name\",\"Message\":\"The name must be a string\",\"Value\":\"1\"}]"}
{"level":"error","message":"[{\"Field\":\"name\",\"Message\":\"The name must be a string\",\"Value\":\"11\"},{\"Field\":\"region.id\",\"Message\":\"The regionId is required\"},{\"Field\":\"region.id\",\"Message\":\"The regionId must be uuid valid\"}]"}
{"level":"error","message":"[{\"Field\":\"name\",\"Message\":\"The name must be a string\",\"Value\":\"1\"}]"}
{"level":"error","message":"[{\"Field\":\"name\",\"Message\":\"The name is required\"},{\"Field\":\"name\",\"Message\":\"The name must be a string\"},{\"Field\":\"code\",\"Message\":\"The code is requireD\"},{\"Field\":\"code\",\"Message\":\"The code must be a string\"},{\"Field\":\"code\",\"Message\":\"The length of code must be three characters\"},{\"Field\":\"region.id\",\"Message\":\"The regionId is required\"},{\"Field\":\"region.id\",\"Message\":\"The regionId must be uuid valid\"}]"}
{"level":"error","message":"[{\"Field\":\"name\",\"Message\":\"The name is required\"},{\"Field\":\"name\",\"Message\":\"The name must be a string\"},{\"Field\":\"code\",\"Message\":\"The code is requireD\"},{\"Field\":\"code\",\"Message\":\"The code must be a string\"},{\"Field\":\"code\",\"Message\":\"The length of code must be three characters\"},{\"Field\":\"region.id\",\"Message\":\"The regionId is required\"},{\"Field\":\"region.id\",\"Message\":\"The regionId must be uuid valid\"}]"}
{"level":"error","message":"[{\"Field\":\"name\",\"Message\":\"The name must be a string\",\"Value\":\"11\"},{\"Field\":\"region.id\",\"Message\":\"The regionId is required\"},{\"Field\":\"region.id\",\"Message\":\"The regionId must be uuid valid\"}]"}
{"level":"error","message":"[{\"Field\":\"name\",\"Message\":\"The name must be a string\",\"Value\":\"1\"}]"}
{"level":"error","message":"[{\"Field\":\"name\",\"Message\":\"The name must be a string\",\"Value\":\"11\"},{\"Field\":\"region.id\",\"Message\":\"The regionId is required\"},{\"Field\":\"region.id\",\"Message\":\"The regionId must be uuid valid\"}]"}
{"level":"error","message":"[{\"Field\":\"name\",\"Message\":\"The name must be a string\",\"Value\":\"1\"}]"}
{"level":"error","message":"[{\"Field\":\"name\",\"Message\":\"The name must be a string\",\"Value\":\"11\"},{\"Field\":\"region.id\",\"Message\":\"The regionId is required\"},{\"Field\":\"region.id\",\"Message\":\"The regionId must be uuid valid\"}]"}
{"level":"error","message":"[{\"Field\":\"code\",\"Message\":\"The region code is not valid\",\"Value\":\"Europe\"}]"}
{"level":"error","message":"{\"type\":\"NotFoundException\",\"status\":404,\"message\":\"EUS has no teams\"}"}
{"level":"error","message":"{\"type\":\"NotFoundException\",\"status\":404,\"message\":\"eu has no teams\"}"}
{"level":"error","message":"{\"type\":\"NotFoundException\",\"status\":404,\"message\":\"spain team not found\"}"}
{"level":"error","message":"{\"type\":\"NotFoundException\",\"status\":404,\"message\":\"SPAIN team not found\"}"}
{"level":"error","message":"[{\"Field\":\"name\",\"Message\":\"The name must be string\",\"Value\":\"bosnia and herzegovina\"}]"}
{"level":"error","message":"[{\"Field\":\"name\",\"Message\":\"The name must be string\",\"Value\":\"bosnia-and-herzegovina\"}]"}
{"level":"error","message":"{\"type\":\"NotFoundException\",\"status\":404,\"message\":\"BOSNIAANDHERZEGOVINA team not found\"}"}
{"level":"error","message":"{\"type\":\"NotFoundException\",\"status\":404,\"message\":\"SPAIN team not found\"}"}
{"level":"error","message":"[{\"Field\":\"name\",\"Message\":\"The name must be string\",\"Value\":\"Bosnia And Hezergovina\"}]"}
{"level":"error","message":"[{\"Field\":\"name\",\"Message\":\"The name must be string\",\"Value\":\"Great Britain\"}]"}
{"level":"error","message":"[{\"Field\":\"name\",\"Message\":\"The name must be string\",\"Value\":\"Great-Britain\"}]"}
{"level":"error","message":"[{\"Field\":\"code\",\"Message\":\"The code must be string\",\"Value\":\"Great-Britain\"},{\"Field\":\"code\",\"Message\":\"The length of code must be three characters\",\"Value\":\"Great-Britain\"}]"}
{"level":"error","message":"{\"type\":\"NotFoundException\",\"status\":404,\"message\":\"esp team not found\"}"}
{"level":"error","message":"{\"type\":\"NotFoundException\",\"status\":404,\"message\":\"1284a33d-8b1d-4d94-81c7-53957ed5d651 team not found\"}"}
{"level":"error","message":"[{\"Field\":\"id\",\"Message\":\"The id must be uuid valid\",\"Value\":\"1284a33d-8b1d-4d94-81c7-53957ed5d65\"}]"}
{"level":"error","message":"[{\"Field\":\"code\",\"Message\":\"The code must be string\",\"Value\":\"63bd01f5-deb1-48d8-84b6-f0084455046e\"},{\"Field\":\"code\",\"Message\":\"The length of code must be two characters\",\"Value\":\"63bd01f5-deb1-48d8-84b6-f0084455046e\"}]"}
{"level":"error","message":"[{\"Field\":\"name\",\"Message\":\"The name must be a string\",\"Value\":\"11\"},{\"Field\":\"region.id\",\"Message\":\"The regionId is required\"},{\"Field\":\"region.id\",\"Message\":\"The regionId must be uuid valid\"}]"}
